<!DOCTYPE html><html lang="en" ><head><meta http-equiv="Content-Type" content="text/html; charset=UTF-8"><meta name="viewport" content="width=device-width, initial-scale=1, shrink-to-fit=no"><meta name="generator" content="Jekyll v4.2.1" /><meta property="og:title" content="Error installing bpy (2)" /><meta property="og:locale" content="en" /><meta name="description" content="FloorplanToBlender3D" /><meta property="og:description" content="FloorplanToBlender3D" /><link rel="canonical" href="https://frankkim1108.github.io/posts/FTB-6/" /><meta property="og:url" content="https://frankkim1108.github.io/posts/FTB-6/" /><meta property="og:site_name" content="Jong Wook Kim" /><meta property="og:type" content="article" /><meta property="article:published_time" content="2022-07-12T15:41:21+09:00" /><meta name="twitter:card" content="summary" /><meta property="twitter:title" content="Error installing bpy (2)" /><meta name="twitter:site" content="@twitter_username" /><meta name="google-site-verification" content="48R-buiclSpFB3HURTS_k_ml0DWfR3n4V-AmQP3PwO4" /> <script type="application/ld+json"> {"description":"FloorplanToBlender3D","url":"https://frankkim1108.github.io/posts/FTB-6/","@type":"BlogPosting","mainEntityOfPage":{"@type":"WebPage","@id":"https://frankkim1108.github.io/posts/FTB-6/"},"headline":"Error installing bpy (2)","dateModified":"2022-07-20T18:26:55+09:00","datePublished":"2022-07-12T15:41:21+09:00","@context":"https://schema.org"}</script><title>Error installing bpy (2) | Jong Wook Kim</title><link rel="apple-touch-icon" sizes="180x180" href="/assets/img/favicons/apple-touch-icon.png"><link rel="icon" type="image/png" sizes="32x32" href="/assets/img/favicons/favicon-32x32.png"><link rel="icon" type="image/png" sizes="16x16" href="/assets/img/favicons/favicon-16x16.png"><link rel="manifest" href="/assets/img/favicons/site.webmanifest"><link rel="shortcut icon" href="/assets/img/favicons/favicon.ico"><meta name="apple-mobile-web-app-title" content="Jong Wook Kim"><meta name="application-name" content="Jong Wook Kim"><meta name="msapplication-TileColor" content="#da532c"><meta name="msapplication-config" content="/assets/img/favicons/browserconfig.xml"><meta name="theme-color" content="#ffffff"><link rel="preconnect" href="https://fonts.gstatic.com" crossorigin="anonymous"><link rel="dns-prefetch" href="https://fonts.gstatic.com"><link rel="preconnect" href="https://www.google-analytics.com" crossorigin="use-credentials"><link rel="dns-prefetch" href="https://www.google-analytics.com"><link rel="preconnect" href="https://www.googletagmanager.com" crossorigin="anonymous"><link rel="dns-prefetch" href="https://www.googletagmanager.com"><link rel="preconnect" href="https://cdn.jsdelivr.net"><link rel="dns-prefetch" href="https://cdn.jsdelivr.net"><link rel="stylesheet" href="https://cdn.jsdelivr.net/npm/bootstrap@4.0.0/dist/css/bootstrap.min.css"><link rel="stylesheet" href="https://cdn.jsdelivr.net/npm/@fortawesome/fontawesome-free@5.11.2/css/all.min.css"><link rel="stylesheet" href="/assets/css/style.css"><link rel="stylesheet" href="https://cdn.jsdelivr.net/gh/afeld/bootstrap-toc@1.0.1/dist/bootstrap-toc.min.css"><link rel="stylesheet" href="https://cdn.jsdelivr.net/npm/magnific-popup@1.1.0/dist/magnific-popup.min.css"> <script src="https://cdn.jsdelivr.net/npm/jquery@3/dist/jquery.min.js"></script> <script type="text/javascript"> class ModeToggle { static get MODE_KEY() { return "mode"; } static get MODE_ATTR() { return "data-mode"; } static get DARK_MODE() { return "dark"; } static get LIGHT_MODE() { return "light"; } static get ID() { return "mode-toggle"; } constructor() { if (this.hasMode) { if (this.isDarkMode) { if (!this.isSysDarkPrefer) { this.setDark(); } } else { if (this.isSysDarkPrefer) { this.setLight(); } } } let self = this; /* always follow the system prefers */ this.sysDarkPrefers.addEventListener("change", () => { if (self.hasMode) { if (self.isDarkMode) { if (!self.isSysDarkPrefer) { self.setDark(); } } else { if (self.isSysDarkPrefer) { self.setLight(); } } self.clearMode(); } self.notify(); }); } /* constructor() */ get sysDarkPrefers() { return window.matchMedia("(prefers-color-scheme: dark)"); } get isSysDarkPrefer() { return this.sysDarkPrefers.matches; } get isDarkMode() { return this.mode === ModeToggle.DARK_MODE; } get isLightMode() { return this.mode === ModeToggle.LIGHT_MODE; } get hasMode() { return this.mode != null; } get mode() { return sessionStorage.getItem(ModeToggle.MODE_KEY); } /* get the current mode on screen */ get modeStatus() { if (this.isDarkMode || (!this.hasMode && this.isSysDarkPrefer)) { return ModeToggle.DARK_MODE; } else { return ModeToggle.LIGHT_MODE; } } setDark() { $('html').attr(ModeToggle.MODE_ATTR, ModeToggle.DARK_MODE); sessionStorage.setItem(ModeToggle.MODE_KEY, ModeToggle.DARK_MODE); } setLight() { $('html').attr(ModeToggle.MODE_ATTR, ModeToggle.LIGHT_MODE); sessionStorage.setItem(ModeToggle.MODE_KEY, ModeToggle.LIGHT_MODE); } clearMode() { $('html').removeAttr(ModeToggle.MODE_ATTR); sessionStorage.removeItem(ModeToggle.MODE_KEY); } /* Notify another plugins that the theme mode has changed */ notify() { window.postMessage({ direction: ModeToggle.ID, message: this.modeStatus }, "*"); } } /* ModeToggle */ const toggle = new ModeToggle(); function flipMode() { if (toggle.hasMode) { if (toggle.isSysDarkPrefer) { if (toggle.isLightMode) { toggle.clearMode(); } else { toggle.setLight(); } } else { if (toggle.isDarkMode) { toggle.clearMode(); } else { toggle.setDark(); } } } else { if (toggle.isSysDarkPrefer) { toggle.setLight(); } else { toggle.setDark(); } } toggle.notify(); } /* flipMode() */ </script><body data-spy="scroll" data-target="#toc" data-topbar-visible="true"><div id="sidebar" class="d-flex flex-column align-items-end" lang="en"><div class="profile-wrapper text-center"><div id="avatar"> <a href="/" alt="avatar" class="mx-auto"> <img src="/assets/img/profile_pic.jpeg" alt="avatar" onerror="this.style.display='none'"> </a></div><div class="site-title mt-3"> <a href="/">Jong Wook Kim</a></div><div class="site-subtitle font-italic">Computer Science and Engineering major interested in Conputer Vision and passionate about learning new things!</div></div><ul class="w-100"><li class="nav-item"> <a href="/" class="nav-link"> <i class="fa-fw fas fa-home ml-xl-3 mr-xl-3 unloaded"></i> <span>HOME</span> </a><li class="nav-item"> <a href="/categories/" class="nav-link"> <i class="fa-fw fas fa-stream ml-xl-3 mr-xl-3 unloaded"></i> <span>CATEGORIES</span> </a><li class="nav-item"> <a href="/tags/" class="nav-link"> <i class="fa-fw fas fa-tag ml-xl-3 mr-xl-3 unloaded"></i> <span>TAGS</span> </a><li class="nav-item"> <a href="/archives/" class="nav-link"> <i class="fa-fw fas fa-archive ml-xl-3 mr-xl-3 unloaded"></i> <span>ARCHIVES</span> </a><li class="nav-item"> <a href="/about/" class="nav-link"> <i class="fa-fw fas fa-info-circle ml-xl-3 mr-xl-3 unloaded"></i> <span>ABOUT</span> </a></ul><div class="sidebar-bottom mt-auto d-flex flex-wrap justify-content-center align-items-center"> <button class="mode-toggle btn" aria-label="Switch Mode"> <i class="fas fa-adjust"></i> </button> <span class="icon-border"></span> <a href="https://github.com/frankkim1108" aria-label="github" target="_blank" rel="noopener"> <i class="fab fa-github"></i> </a> <a href="https://twitter.com/twitter_username" aria-label="twitter" target="_blank" rel="noopener"> <i class="fab fa-twitter"></i> </a> <a href=" javascript:location.href = 'mailto:' + ['frankkim1108','gmail.com'].join('@')" aria-label="email" > <i class="fas fa-envelope"></i> </a> <a href="/feed.xml" aria-label="rss" > <i class="fas fa-rss"></i> </a></div></div><div id="topbar-wrapper" class="row justify-content-center"><div id="topbar" class="col-11 d-flex h-100 align-items-center justify-content-between"> <span id="breadcrumb"> <span> <a href="/"> Home </a> </span> <span>Error installing bpy (2)</span> </span> <i id="sidebar-trigger" class="fas fa-bars fa-fw"></i><div id="topbar-title"> Post</div><i id="search-trigger" class="fas fa-search fa-fw"></i> <span id="search-wrapper" class="align-items-center"> <i class="fas fa-search fa-fw"></i> <input class="form-control" id="search-input" type="search" aria-label="search" autocomplete="off" placeholder="Search..."> <i class="fa fa-times-circle fa-fw" id="search-cleaner"></i> </span> <span id="search-cancel" >Cancel</span></div></div><div id="main-wrapper"><div id="main"><div class="row"><div id="core-wrapper" class="col-12 col-lg-11 col-xl-8"><div class="post pl-1 pr-1 pl-sm-2 pr-sm-2 pl-md-4 pr-md-4"><h1 data-toc-skip>Error installing bpy (2)</h1><div class="post-meta text-muted"><div> By <em> <a href="https://twitter.com/username">Jong Wook Kim</a> </em></div><div class="d-flex"><div> <span> Posted <em class="timeago" data-ts="1657608081" data-toggle="tooltip" data-placement="bottom" data-tooltip-df="llll" > 2022-07-12 </em> </span> <span> Updated <em class="timeago" data-ts="1658309215" data-toggle="tooltip" data-placement="bottom" data-tooltip-df="llll" > 2022-07-20 </em> </span> <span class="readtime" data-toggle="tooltip" data-placement="bottom" title="3576 words"> <em>19 min</em> read</span></div></div></div><div class="post-content"><h1 id="floorplantoblender3d"><strong>FloorplanToBlender3D</strong></h1><h2 id="failed-to-install-bpy"><strong>Failed to install ‘bpy’</strong> <a href="#failed-to-install-bpy" class="anchor"><i class="fas fa-hashtag"></i></a></h2></h2><p><strong>Error message</strong></p><div class="language-shell highlighter-rouge"><div class="code-header"> <span data-label-text="Shell"><i class="fas fa-code small"></i></span> <button aria-label="copy" data-title-succeed="Copied!"><i class="far fa-clipboard"></i></button></div><div class="highlight"><code><table class="rouge-table"><tbody><tr><td class="rouge-gutter gl"><pre class="lineno">1
2
3
4
5
6
7
8
9
10
11
12
13
14
15
16
17
18
19
20
21
22
23
24
25
26
27
28
29
30
31
32
33
34
35
36
37
38
39
40
41
42
43
44
45
46
47
48
49
50
51
52
53
54
55
56
57
58
59
60
61
62
63
64
65
66
67
68
69
70
71
72
</pre><td class="rouge-code"><pre>Collecting bpy
  Using cached bpy-2.82.1.tar.gz <span class="o">(</span>19 kB<span class="o">)</span>
  Preparing metadata <span class="o">(</span>setup.py<span class="o">)</span>: started
  Preparing metadata <span class="o">(</span>setup.py<span class="o">)</span>: finished with status <span class="s1">'done'</span>
Building wheels <span class="k">for </span>collected packages: bpy
  Building wheel <span class="k">for </span>bpy <span class="o">(</span>setup.py<span class="o">)</span>: started
  Building wheel <span class="k">for </span>bpy <span class="o">(</span>setup.py<span class="o">)</span>: still running...
  Building wheel <span class="k">for </span>bpy <span class="o">(</span>setup.py<span class="o">)</span>: still running...
  Building wheel <span class="k">for </span>bpy <span class="o">(</span>setup.py<span class="o">)</span>: finished with status <span class="s1">'error'</span>
  Running setup.py clean <span class="k">for </span>bpy
Failed to build bpy
Installing collected packages: bpy
    Running setup.py <span class="nb">install </span><span class="k">for </span>bpy: started
    Running setup.py <span class="nb">install </span><span class="k">for </span>bpy: still running...
    Running setup.py <span class="nb">install </span><span class="k">for </span>bpy: still running...
    Running setup.py <span class="nb">install </span><span class="k">for </span>bpy: finished with status <span class="s1">'error'</span>

  ERROR: Command errored out with <span class="nb">exit </span>status 1:
   <span class="nb">command</span>: /home/frank/PycharmProjects/FloorplanToBlender3d/venv_3.7/bin/python <span class="nt">-u</span> <span class="nt">-c</span> <span class="s1">'import io, os, sys, setuptools, tokenize; sys.argv[0] = '</span><span class="s2">"'"</span><span class="s1">'/tmp/pip-install-cactl59y/bpy_cadc500a6edf4e829fc93157250a95d5/setup.py'</span><span class="s2">"'"</span><span class="s1">'; __file__='</span><span class="s2">"'"</span><span class="s1">'/tmp/pip-install-cactl59y/bpy_cadc500a6edf4e829fc93157250a95d5/setup.py'</span><span class="s2">"'"</span><span class="s1">';f = getattr(tokenize, '</span><span class="s2">"'"</span><span class="s1">'open'</span><span class="s2">"'"</span><span class="s1">', open)(__file__) if os.path.exists(__file__) else io.StringIO('</span><span class="s2">"'"</span><span class="s1">'from setuptools import setup; setup()'</span><span class="s2">"'"</span><span class="s1">');code = f.read().replace('</span><span class="s2">"'"</span><span class="s1">'\r\n'</span><span class="s2">"'"</span><span class="s1">', '</span><span class="s2">"'"</span><span class="s1">'\n'</span><span class="s2">"'"</span><span class="s1">');f.close();exec(compile(code, __file__, '</span><span class="s2">"'"</span><span class="s1">'exec'</span><span class="s2">"'"</span><span class="s1">'))'</span> bdist_wheel <span class="nt">-d</span> /tmp/pip-wheel-z70fdf6a
       cwd: /tmp/pip-install-cactl59y/bpy_cadc500a6edf4e829fc93157250a95d5/
  Complete output <span class="o">(</span>20 lines<span class="o">)</span>:
  running bdist_wheel
  running build
  running build_py
  creating build
  creating build/lib.linux-x86_64-3.7
  creating build/lib.linux-x86_64-3.7/blenderpy
  copying blenderpy/post_install.py -&gt; build/lib.linux-x86_64-3.7/blenderpy
  copying blenderpy/__init__.py -&gt; build/lib.linux-x86_64-3.7/blenderpy
  copying blenderpy/pre_uninstall.py -&gt; build/lib.linux-x86_64-3.7/blenderpy
  warning: build_py: byte-compiling is disabled, skipping.
  
  running build_ext
  Preparing the build environment
  Searching <span class="k">for </span>compatible Blender online <span class="o">(</span>this will take a <span class="k">while</span><span class="o">)</span>
  Found compatible Blender version 2.82
  Cloning Blender <span class="nb">source </span>from git <span class="o">(</span>this will take a <span class="k">while</span><span class="o">)</span>
  Cloning precompiled libs from svn <span class="o">(</span>this will take a <span class="k">while</span><span class="o">)</span>
  cmake <span class="nt">-DWITH_PYTHON_INSTALL</span><span class="o">=</span>OFF <span class="nt">-DWITH_PYTHON_MODULE</span><span class="o">=</span>ON <span class="nt">-S</span>/tmp/pip-install-cactl59y/bpy_cadc500a6edf4e829fc93157250a95d5/build/temp.linux-x86_64-3.7/blender <span class="nt">-B</span>/tmp/pip-install-cactl59y/bpy_cadc500a6edf4e829fc93157250a95d5/build/temp.linux-x86_64-3.7/build
  unable to execute <span class="s1">'cmake'</span>: No such file or directory
  error: <span class="nb">command</span> <span class="s1">'cmake'</span> failed with <span class="nb">exit </span>status 1
  <span class="nt">----------------------------------------</span>
  ERROR: Failed building wheel <span class="k">for </span>bpy
    ERROR: Command errored out with <span class="nb">exit </span>status 1:
     <span class="nb">command</span>: /home/frank/PycharmProjects/FloorplanToBlender3d/venv_3.7/bin/python <span class="nt">-u</span> <span class="nt">-c</span> <span class="s1">'import io, os, sys, setuptools, tokenize; sys.argv[0] = '</span><span class="s2">"'"</span><span class="s1">'/tmp/pip-install-cactl59y/bpy_cadc500a6edf4e829fc93157250a95d5/setup.py'</span><span class="s2">"'"</span><span class="s1">'; __file__='</span><span class="s2">"'"</span><span class="s1">'/tmp/pip-install-cactl59y/bpy_cadc500a6edf4e829fc93157250a95d5/setup.py'</span><span class="s2">"'"</span><span class="s1">';f = getattr(tokenize, '</span><span class="s2">"'"</span><span class="s1">'open'</span><span class="s2">"'"</span><span class="s1">', open)(__file__) if os.path.exists(__file__) else io.StringIO('</span><span class="s2">"'"</span><span class="s1">'from setuptools import setup; setup()'</span><span class="s2">"'"</span><span class="s1">');code = f.read().replace('</span><span class="s2">"'"</span><span class="s1">'\r\n'</span><span class="s2">"'"</span><span class="s1">', '</span><span class="s2">"'"</span><span class="s1">'\n'</span><span class="s2">"'"</span><span class="s1">');f.close();exec(compile(code, __file__, '</span><span class="s2">"'"</span><span class="s1">'exec'</span><span class="s2">"'"</span><span class="s1">'))'</span> <span class="nb">install</span> <span class="nt">--record</span> /tmp/pip-record-1xi79tkj/install-record.txt <span class="nt">--single-version-externally-managed</span> <span class="nt">--compile</span> <span class="nt">--install-headers</span> /home/frank/PycharmProjects/FloorplanToBlender3d/venv_3.7/include/site/python3.7/bpy
         cwd: /tmp/pip-install-cactl59y/bpy_cadc500a6edf4e829fc93157250a95d5/
    Complete output <span class="o">(</span>20 lines<span class="o">)</span>:
    running <span class="nb">install
    </span>running build
    running build_py
    creating build
    creating build/lib.linux-x86_64-3.7
    creating build/lib.linux-x86_64-3.7/blenderpy
    copying blenderpy/post_install.py -&gt; build/lib.linux-x86_64-3.7/blenderpy
    copying blenderpy/__init__.py -&gt; build/lib.linux-x86_64-3.7/blenderpy
    copying blenderpy/pre_uninstall.py -&gt; build/lib.linux-x86_64-3.7/blenderpy
    warning: build_py: byte-compiling is disabled, skipping.
    
    running build_ext
    Preparing the build environment
    Searching <span class="k">for </span>compatible Blender online <span class="o">(</span>this will take a <span class="k">while</span><span class="o">)</span>
    Found compatible Blender version 2.82
    Cloning Blender <span class="nb">source </span>from git <span class="o">(</span>this will take a <span class="k">while</span><span class="o">)</span>
    Cloning precompiled libs from svn <span class="o">(</span>this will take a <span class="k">while</span><span class="o">)</span>
    cmake <span class="nt">-DWITH_PYTHON_INSTALL</span><span class="o">=</span>OFF <span class="nt">-DWITH_PYTHON_MODULE</span><span class="o">=</span>ON <span class="nt">-S</span>/tmp/pip-install-cactl59y/bpy_cadc500a6edf4e829fc93157250a95d5/build/temp.linux-x86_64-3.7/blender <span class="nt">-B</span>/tmp/pip-install-cactl59y/bpy_cadc500a6edf4e829fc93157250a95d5/build/temp.linux-x86_64-3.7/build
    unable to execute <span class="s1">'cmake'</span>: No such file or directory
    error: <span class="nb">command</span> <span class="s1">'cmake'</span> failed with <span class="nb">exit </span>status 1
    <span class="nt">----------------------------------------</span>
ERROR: Command errored out with <span class="nb">exit </span>status 1: /home/frank/PycharmProjects/FloorplanToBlender3d/venv_3.7/bin/python <span class="nt">-u</span> <span class="nt">-c</span> <span class="s1">'import io, os, sys, setuptools, tokenize; sys.argv[0] = '</span><span class="s2">"'"</span><span class="s1">'/tmp/pip-install-cactl59y/bpy_cadc500a6edf4e829fc93157250a95d5/setup.py'</span><span class="s2">"'"</span><span class="s1">'; __file__='</span><span class="s2">"'"</span><span class="s1">'/tmp/pip-install-cactl59y/bpy_cadc500a6edf4e829fc93157250a95d5/setup.py'</span><span class="s2">"'"</span><span class="s1">';f = getattr(tokenize, '</span><span class="s2">"'"</span><span class="s1">'open'</span><span class="s2">"'"</span><span class="s1">', open)(__file__) if os.path.exists(__file__) else io.StringIO('</span><span class="s2">"'"</span><span class="s1">'from setuptools import setup; setup()'</span><span class="s2">"'"</span><span class="s1">');code = f.read().replace('</span><span class="s2">"'"</span><span class="s1">'\r\n'</span><span class="s2">"'"</span><span class="s1">', '</span><span class="s2">"'"</span><span class="s1">'\n'</span><span class="s2">"'"</span><span class="s1">');f.close();exec(compile(code, __file__, '</span><span class="s2">"'"</span><span class="s1">'exec'</span><span class="s2">"'"</span><span class="s1">'))'</span> <span class="nb">install</span> <span class="nt">--record</span> /tmp/pip-record-1xi79tkj/install-record.txt <span class="nt">--single-version-externally-managed</span> <span class="nt">--compile</span> <span class="nt">--install-headers</span> /home/frank/PycharmProjects/FloorplanToBlender3d/venv_3.7/include/site/python3.7/bpy Check the logs <span class="k">for </span>full <span class="nb">command </span>output.
WARNING: You are using pip version 21.3.1<span class="p">;</span> however, version 22.1.2 is available.
You should consider upgrading via the <span class="s1">'/home/frank/PycharmProjects/FloorplanToBlender3d/venv_3.7/bin/python -m pip install --upgrade pip'</span> command.

</pre></table></code></div></div><p>pip install Cmake</p><div class="language-shell highlighter-rouge"><div class="code-header"> <span data-label-text="Shell"><i class="fas fa-code small"></i></span> <button aria-label="copy" data-title-succeed="Copied!"><i class="far fa-clipboard"></i></button></div><div class="highlight"><code><table class="rouge-table"><tbody><tr><td class="rouge-gutter gl"><pre class="lineno">1
2
3
4
5
6
7
8
9
10
11
12
13
14
15
16
17
18
19
20
21
22
23
24
25
26
27
28
29
30
31
32
33
34
35
36
37
38
39
40
41
42
43
44
45
46
47
48
49
50
51
52
53
54
55
56
57
58
59
60
61
62
63
64
65
66
67
68
69
70
71
72
73
74
75
76
77
78
79
80
81
82
83
84
85
86
87
88
89
90
91
92
93
94
95
96
97
98
99
100
101
102
103
104
105
106
107
108
109
110
111
112
113
114
115
116
117
118
119
120
121
122
123
124
125
126
127
128
129
130
131
132
</pre><td class="rouge-code"><pre>Collecting bpy
  Using cached bpy-2.82.1.tar.gz <span class="o">(</span>19 kB<span class="o">)</span>
  Preparing metadata <span class="o">(</span>setup.py<span class="o">)</span> ... <span class="k">done
</span>Building wheels <span class="k">for </span>collected packages: bpy
  Building wheel <span class="k">for </span>bpy <span class="o">(</span>setup.py<span class="o">)</span> ... -^[    error
  error: subprocess-exited-with-error
  
  × python setup.py bdist_wheel did not run successfully.
  │ <span class="nb">exit </span>code: 1
  ╰─&gt; <span class="o">[</span>49 lines of output]
      running bdist_wheel
      running build
      running build_py
      creating build
      creating build/lib.linux-x86_64-3.7
      creating build/lib.linux-x86_64-3.7/blenderpy
      copying blenderpy/post_install.py -&gt; build/lib.linux-x86_64-3.7/blenderpy
      copying blenderpy/__init__.py -&gt; build/lib.linux-x86_64-3.7/blenderpy
      copying blenderpy/pre_uninstall.py -&gt; build/lib.linux-x86_64-3.7/blenderpy
      running build_ext
      Preparing the build environment
      Searching <span class="k">for </span>compatible Blender online <span class="o">(</span>this will take a <span class="k">while</span><span class="o">)</span>
      Found compatible Blender version 2.82
      Cloning Blender <span class="nb">source </span>from git <span class="o">(</span>this will take a <span class="k">while</span><span class="o">)</span>
      Cloning precompiled libs from svn <span class="o">(</span>this will take a <span class="k">while</span><span class="o">)</span>
      cmake <span class="nt">-DWITH_PYTHON_INSTALL</span><span class="o">=</span>OFF <span class="nt">-DWITH_PYTHON_MODULE</span><span class="o">=</span>ON <span class="nt">-S</span>/tmp/pip-install-r8hsv4ez/bpy_e96a69060a9a48959c4491b09072a1a6/build/temp.linux-x86_64-3.7/blender <span class="nt">-B</span>/tmp/pip-install-r8hsv4ez/bpy_e96a69060a9a48959c4491b09072a1a6/build/temp.linux-x86_64-3.7/build
      <span class="nt">--</span> The C compiler identification is GNU 11.2.0
      <span class="nt">--</span> The CXX compiler identification is GNU 11.2.0
      <span class="nt">--</span> Detecting C compiler ABI info
      <span class="nt">--</span> Detecting C compiler ABI info - <span class="k">done</span>
      <span class="nt">--</span> Check <span class="k">for </span>working C compiler: /usr/bin/cc - skipped
      <span class="nt">--</span> Detecting C compile features
      <span class="nt">--</span> Detecting C compile features - <span class="k">done</span>
      <span class="nt">--</span> Detecting CXX compiler ABI info
      <span class="nt">--</span> Detecting CXX compiler ABI info - <span class="k">done</span>
      <span class="nt">--</span> Check <span class="k">for </span>working CXX compiler: /usr/bin/c++ - skipped
      <span class="nt">--</span> Detecting CXX compile features
      <span class="nt">--</span> Detecting CXX compile features - <span class="k">done</span>
      <span class="nt">--</span> WITH_DRACO requires WITH_PYTHON_INSTALL to be ON, disabling WITH_DRACO <span class="k">for </span>now
      <span class="nt">--</span> Performing Test SUPPORT_SSE_BUILD
      <span class="nt">--</span> Performing Test SUPPORT_SSE_BUILD - Success
      <span class="nt">--</span> SSE Support: detected.
      <span class="nt">--</span> Performing Test SUPPORT_SSE2_BUILD
      <span class="nt">--</span> Performing Test SUPPORT_SSE2_BUILD - Success
      <span class="nt">--</span> SSE2 Support: detected.
      <span class="nt">--</span> Found Git: /usr/bin/git <span class="o">(</span>found version <span class="s2">"2.34.1"</span><span class="o">)</span>
      CMake Error at /home/frank/PycharmProjects/FloorplanToBlender3d/venv_3.7/lib/python3.7/site-packages/cmake/data/share/cmake-3.22/Modules/FindPackageHandleStandardArgs.cmake:230 <span class="o">(</span>message<span class="o">)</span>:
        Could NOT find JPEG <span class="o">(</span>missing: JPEG_LIBRARY JPEG_INCLUDE_DIR<span class="o">)</span>
      Call Stack <span class="o">(</span>most recent call first<span class="o">)</span>:
        /home/frank/PycharmProjects/FloorplanToBlender3d/venv_3.7/lib/python3.7/site-packages/cmake/data/share/cmake-3.22/Modules/FindPackageHandleStandardArgs.cmake:594 <span class="o">(</span>_FPHSA_FAILURE_MESSAGE<span class="o">)</span>
        /home/frank/PycharmProjects/FloorplanToBlender3d/venv_3.7/lib/python3.7/site-packages/cmake/data/share/cmake-3.22/Modules/FindJPEG.cmake:106 <span class="o">(</span>find_package_handle_standard_args<span class="o">)</span>
        build_files/cmake/platform/platform_unix.cmake:67 <span class="o">(</span>find_package<span class="o">)</span>
        build_files/cmake/platform/platform_unix.cmake:71 <span class="o">(</span>find_package_wrapper<span class="o">)</span>
        CMakeLists.txt:804 <span class="o">(</span>include<span class="o">)</span>
      
      
      <span class="nt">--</span> Configuring incomplete, errors occurred!
      See also <span class="s2">"/tmp/pip-install-r8hsv4ez/bpy_e96a69060a9a48959c4491b09072a1a6/build/temp.linux-x86_64-3.7/build/CMakeFiles/CMakeOutput.log"</span><span class="nb">.</span>
      error: <span class="nb">command</span> <span class="s1">'cmake'</span> failed with <span class="nb">exit </span>status 1
      <span class="o">[</span>end of output]
  
  note: This error originates from a subprocess, and is likely not a problem with pip.
  ERROR: Failed building wheel <span class="k">for </span>bpy
  Running setup.py clean <span class="k">for </span>bpy
Failed to build bpy
Installing collected packages: bpy
  Running setup.py <span class="nb">install </span><span class="k">for </span>bpy ... error
  error: subprocess-exited-with-error
  
  × Running setup.py <span class="nb">install </span><span class="k">for </span>bpy did not run successfully.
  │ <span class="nb">exit </span>code: 1
  ╰─&gt; <span class="o">[</span>49 lines of output]
      running <span class="nb">install
      </span>running build
      running build_py
      creating build
      creating build/lib.linux-x86_64-3.7
      creating build/lib.linux-x86_64-3.7/blenderpy
      copying blenderpy/post_install.py -&gt; build/lib.linux-x86_64-3.7/blenderpy
      copying blenderpy/__init__.py -&gt; build/lib.linux-x86_64-3.7/blenderpy
      copying blenderpy/pre_uninstall.py -&gt; build/lib.linux-x86_64-3.7/blenderpy
      running build_ext
      Preparing the build environment
      Searching <span class="k">for </span>compatible Blender online <span class="o">(</span>this will take a <span class="k">while</span><span class="o">)</span>
      Found compatible Blender version 2.82
      Cloning Blender <span class="nb">source </span>from git <span class="o">(</span>this will take a <span class="k">while</span><span class="o">)</span>
      Cloning precompiled libs from svn <span class="o">(</span>this will take a <span class="k">while</span><span class="o">)</span>
      cmake <span class="nt">-DWITH_PYTHON_INSTALL</span><span class="o">=</span>OFF <span class="nt">-DWITH_PYTHON_MODULE</span><span class="o">=</span>ON <span class="nt">-S</span>/tmp/pip-install-r8hsv4ez/bpy_e96a69060a9a48959c4491b09072a1a6/build/temp.linux-x86_64-3.7/blender <span class="nt">-B</span>/tmp/pip-install-r8hsv4ez/bpy_e96a69060a9a48959c4491b09072a1a6/build/temp.linux-x86_64-3.7/build
      <span class="nt">--</span> The C compiler identification is GNU 11.2.0
      <span class="nt">--</span> The CXX compiler identification is GNU 11.2.0
      <span class="nt">--</span> Detecting C compiler ABI info
      <span class="nt">--</span> Detecting C compiler ABI info - <span class="k">done</span>
      <span class="nt">--</span> Check <span class="k">for </span>working C compiler: /usr/bin/cc - skipped
      <span class="nt">--</span> Detecting C compile features
      <span class="nt">--</span> Detecting C compile features - <span class="k">done</span>
      <span class="nt">--</span> Detecting CXX compiler ABI info
      <span class="nt">--</span> Detecting CXX compiler ABI info - <span class="k">done</span>
      <span class="nt">--</span> Check <span class="k">for </span>working CXX compiler: /usr/bin/c++ - skipped
      <span class="nt">--</span> Detecting CXX compile features
      <span class="nt">--</span> Detecting CXX compile features - <span class="k">done</span>
      <span class="nt">--</span> WITH_DRACO requires WITH_PYTHON_INSTALL to be ON, disabling WITH_DRACO <span class="k">for </span>now
      <span class="nt">--</span> Performing Test SUPPORT_SSE_BUILD
      <span class="nt">--</span> Performing Test SUPPORT_SSE_BUILD - Success
      <span class="nt">--</span> SSE Support: detected.
      <span class="nt">--</span> Performing Test SUPPORT_SSE2_BUILD
      <span class="nt">--</span> Performing Test SUPPORT_SSE2_BUILD - Success
      <span class="nt">--</span> SSE2 Support: detected.
      <span class="nt">--</span> Found Git: /usr/bin/git <span class="o">(</span>found version <span class="s2">"2.34.1"</span><span class="o">)</span>
      CMake Error at /home/frank/PycharmProjects/FloorplanToBlender3d/venv_3.7/lib/python3.7/site-packages/cmake/data/share/cmake-3.22/Modules/FindPackageHandleStandardArgs.cmake:230 <span class="o">(</span>message<span class="o">)</span>:
        Could NOT find JPEG <span class="o">(</span>missing: JPEG_LIBRARY JPEG_INCLUDE_DIR<span class="o">)</span>
      Call Stack <span class="o">(</span>most recent call first<span class="o">)</span>:
        /home/frank/PycharmProjects/FloorplanToBlender3d/venv_3.7/lib/python3.7/site-packages/cmake/data/share/cmake-3.22/Modules/FindPackageHandleStandardArgs.cmake:594 <span class="o">(</span>_FPHSA_FAILURE_MESSAGE<span class="o">)</span>
        /home/frank/PycharmProjects/FloorplanToBlender3d/venv_3.7/lib/python3.7/site-packages/cmake/data/share/cmake-3.22/Modules/FindJPEG.cmake:106 <span class="o">(</span>find_package_handle_standard_args<span class="o">)</span>
        build_files/cmake/platform/platform_unix.cmake:67 <span class="o">(</span>find_package<span class="o">)</span>
        build_files/cmake/platform/platform_unix.cmake:71 <span class="o">(</span>find_package_wrapper<span class="o">)</span>
        CMakeLists.txt:804 <span class="o">(</span>include<span class="o">)</span>
      
      
      <span class="nt">--</span> Configuring incomplete, errors occurred!
      See also <span class="s2">"/tmp/pip-install-r8hsv4ez/bpy_e96a69060a9a48959c4491b09072a1a6/build/temp.linux-x86_64-3.7/build/CMakeFiles/CMakeOutput.log"</span><span class="nb">.</span>
      error: <span class="nb">command</span> <span class="s1">'cmake'</span> failed with <span class="nb">exit </span>status 1
      <span class="o">[</span>end of output]
  
  note: This error originates from a subprocess, and is likely not a problem with pip.
error: legacy-install-failure

× Encountered error <span class="k">while </span>trying to <span class="nb">install </span>package.
╰─&gt; bpy

note: This is an issue with the package mentioned above, not pip.
hint: See above <span class="k">for </span>output from the failure.

</pre></table></code></div></div><p>pip install –upgrade pip</p><p>pip install Cmake</p><p>sudo apt-get install -y libjpeg-dev</p><p>sudo apt-get install libpng-dev</p><p>sudo apt-get install libfreetype6-dev</p><div class="language-shell highlighter-rouge"><div class="code-header"> <span data-label-text="Shell"><i class="fas fa-code small"></i></span> <button aria-label="copy" data-title-succeed="Copied!"><i class="far fa-clipboard"></i></button></div><div class="highlight"><code><table class="rouge-table"><tbody><tr><td class="rouge-gutter gl"><pre class="lineno">1
2
3
4
5
6
7
8
9
10
11
12
13
14
15
16
17
18
19
20
21
22
23
24
25
26
27
28
29
30
31
32
33
34
35
36
37
38
39
40
41
42
43
44
45
46
47
48
49
50
51
52
53
54
55
56
57
58
59
60
61
62
63
64
65
66
67
68
69
70
71
72
73
74
75
76
77
78
79
80
81
82
83
84
85
86
87
88
89
90
91
92
93
94
95
96
97
98
99
100
101
102
103
104
105
106
107
108
109
110
111
112
113
114
115
116
117
118
119
120
121
122
123
124
125
126
127
128
129
130
131
132
133
134
135
136
137
138
139
140
141
142
143
144
145
146
147
148
149
150
151
152
153
154
155
156
157
158
159
160
161
162
163
164
165
166
167
168
169
170
171
172
173
174
175
176
177
178
179
180
181
182
183
184
185
186
187
188
189
190
191
192
193
194
195
196
197
198
199
200
201
202
203
204
205
206
207
208
209
210
211
212
213
214
215
216
217
218
219
220
221
222
223
224
225
226
227
228
229
230
231
232
233
234
235
236
237
238
239
240
241
242
243
244
245
246
247
248
249
250
251
252
253
254
255
256
257
258
259
260
261
262
263
264
265
266
267
268
269
270
271
272
273
274
275
276
277
278
279
280
281
282
283
284
285
286
287
288
289
290
291
292
293
294
295
296
297
298
299
300
301
302
303
304
305
306
307
308
309
310
311
312
313
314
315
316
317
318
319
320
321
322
323
</pre><td class="rouge-code"><pre>Collecting bpy
  Using cached bpy-2.82.1.tar.gz <span class="o">(</span>19 kB<span class="o">)</span>
  Preparing metadata <span class="o">(</span>setup.py<span class="o">)</span> ... <span class="k">done
</span>Building wheels <span class="k">for </span>collected packages: bpy
  Building wheel <span class="k">for </span>bpy <span class="o">(</span>setup.py<span class="o">)</span> ... <span class="nt">-soerror</span>
  error: subprocess-exited-with-error
  
  × python setup.py bdist_wheel did not run successfully.
  │ <span class="nb">exit </span>code: 1
  ╰─&gt; <span class="o">[</span>145 lines of output]
      running bdist_wheel
      running build
      running build_py
      creating build
      creating build/lib.linux-x86_64-3.7
      creating build/lib.linux-x86_64-3.7/blenderpy
      copying blenderpy/post_install.py -&gt; build/lib.linux-x86_64-3.7/blenderpy
      copying blenderpy/__init__.py -&gt; build/lib.linux-x86_64-3.7/blenderpy
      copying blenderpy/pre_uninstall.py -&gt; build/lib.linux-x86_64-3.7/blenderpy
      running build_ext
      Preparing the build environment
      Searching <span class="k">for </span>compatible Blender online <span class="o">(</span>this will take a <span class="k">while</span><span class="o">)</span>
      Found compatible Blender version 2.82
      Cloning Blender <span class="nb">source </span>from git <span class="o">(</span>this will take a <span class="k">while</span><span class="o">)</span>
      Cloning precompiled libs from svn <span class="o">(</span>this will take a <span class="k">while</span><span class="o">)</span>
      cmake <span class="nt">-DWITH_PYTHON_INSTALL</span><span class="o">=</span>OFF <span class="nt">-DWITH_PYTHON_MODULE</span><span class="o">=</span>ON <span class="nt">-S</span>/tmp/pip-install-_869nko5/bpy_dc89800be3e348c59990aa8ed4cb59c8/build/temp.linux-x86_64-3.7/blender <span class="nt">-B</span>/tmp/pip-install-_869nko5/bpy_dc89800be3e348c59990aa8ed4cb59c8/build/temp.linux-x86_64-3.7/build
      <span class="nt">--</span> The C compiler identification is GNU 11.2.0
      <span class="nt">--</span> The CXX compiler identification is GNU 11.2.0
      <span class="nt">--</span> Detecting C compiler ABI info
      <span class="nt">--</span> Detecting C compiler ABI info - <span class="k">done</span>
      <span class="nt">--</span> Check <span class="k">for </span>working C compiler: /usr/bin/cc - skipped
      <span class="nt">--</span> Detecting C compile features
      <span class="nt">--</span> Detecting C compile features - <span class="k">done</span>
      <span class="nt">--</span> Detecting CXX compiler ABI info
      <span class="nt">--</span> Detecting CXX compiler ABI info - <span class="k">done</span>
      <span class="nt">--</span> Check <span class="k">for </span>working CXX compiler: /usr/bin/c++ - skipped
      <span class="nt">--</span> Detecting CXX compile features
      <span class="nt">--</span> Detecting CXX compile features - <span class="k">done</span>
      <span class="nt">--</span> WITH_DRACO requires WITH_PYTHON_INSTALL to be ON, disabling WITH_DRACO <span class="k">for </span>now
      <span class="nt">--</span> Performing Test SUPPORT_SSE_BUILD
      <span class="nt">--</span> Performing Test SUPPORT_SSE_BUILD - Success
      <span class="nt">--</span> SSE Support: detected.
      <span class="nt">--</span> Performing Test SUPPORT_SSE2_BUILD
      <span class="nt">--</span> Performing Test SUPPORT_SSE2_BUILD - Success
      <span class="nt">--</span> SSE2 Support: detected.
      <span class="nt">--</span> Found Git: /usr/bin/git <span class="o">(</span>found version <span class="s2">"2.34.1"</span><span class="o">)</span>
      <span class="nt">--</span> Found JPEG: /usr/lib/x86_64-linux-gnu/libjpeg.so <span class="o">(</span>found version <span class="s2">"80"</span><span class="o">)</span>
      <span class="nt">--</span> Found ZLIB: /usr/lib/x86_64-linux-gnu/libz.so <span class="o">(</span>found version <span class="s2">"1.2.11"</span><span class="o">)</span>
      <span class="nt">--</span> Found PNG: /usr/lib/x86_64-linux-gnu/libpng.so <span class="o">(</span>found version <span class="s2">"1.6.37"</span><span class="o">)</span>
      <span class="nt">--</span> Found Freetype: /usr/lib/x86_64-linux-gnu/libfreetype.so <span class="o">(</span>found version <span class="s2">"2.11.1"</span><span class="o">)</span>
      <span class="nt">--</span> Found PythonLibsUnix: /usr/lib/x86_64-linux-gnu/libpython3.7m.so
      <span class="nt">--</span> Could NOT find OpenEXR <span class="o">(</span>missing: _openexr_LIBRARIES OPENEXR_INCLUDE_DIR<span class="o">)</span>
      <span class="nt">--</span> Could NOT find OpenJPEG <span class="o">(</span>missing: OPENJPEG_LIBRARY OPENJPEG_INCLUDE_DIR<span class="o">)</span>
      <span class="nt">--</span> Could NOT find TIFF <span class="o">(</span>missing: TIFF_LIBRARY TIFF_INCLUDE_DIR<span class="o">)</span>
      <span class="nt">--</span> Could NOT find OpenAL <span class="o">(</span>missing: OPENAL_LIBRARY OPENAL_INCLUDE_DIR<span class="o">)</span>
      <span class="nt">--</span> Could NOT find SDL2 <span class="o">(</span>missing: SDL2_LIBRARY SDL2_INCLUDE_DIR<span class="o">)</span>
      <span class="nt">--</span> Looking <span class="k">for </span>pthread.h
      <span class="nt">--</span> Looking <span class="k">for </span>pthread.h - found
      <span class="nt">--</span> Performing Test CMAKE_HAVE_LIBC_PTHREAD
      <span class="nt">--</span> Performing Test CMAKE_HAVE_LIBC_PTHREAD - Success
      <span class="nt">--</span> Found Threads: TRUE
      <span class="nt">--</span> Could NOT find SDL <span class="o">(</span>missing: SDL_LIBRARY SDL_INCLUDE_DIR<span class="o">)</span>
      <span class="nt">--</span> Could NOT find Jack <span class="o">(</span>missing: JACK_LIBRARY JACK_INCLUDE_DIR<span class="o">)</span>
      <span class="nt">--</span> Could NOT find SndFile <span class="o">(</span>missing: LIBSNDFILE_LIBRARY LIBSNDFILE_INCLUDE_DIR<span class="o">)</span>
      <span class="nt">--</span> Could NOT find Fftw3 <span class="o">(</span>missing: FFTW3_LIBRARY FFTW3_INCLUDE_DIR<span class="o">)</span>
      <span class="nt">--</span> Could NOT find OpenCOLLADA <span class="o">(</span>missing: _opencollada_LIBRARIES _opencollada_INCLUDES<span class="o">)</span>
      <span class="nt">--</span> Could NOT find JeMalloc <span class="o">(</span>missing: JEMALLOC_LIBRARY JEMALLOC_INCLUDE_DIR<span class="o">)</span>
      <span class="nt">--</span> Could NOT find Spacenav <span class="o">(</span>missing: SPACENAV_LIBRARY SPACENAV_INCLUDE_DIR<span class="o">)</span>
      CMake Warning <span class="o">(</span>dev<span class="o">)</span> at /home/frank/PycharmProjects/FloorplanToBlender3d/venv_3.7/lib/python3.7/site-packages/cmake/data/share/cmake-3.22/Modules/FindPackageHandleStandardArgs.cmake:438 <span class="o">(</span>message<span class="o">)</span>:
        The package name passed to <span class="sb">`</span>find_package_handle_standard_args<span class="sb">`</span> <span class="o">(</span>OSL<span class="o">)</span> does
        not match the name of the calling package <span class="o">(</span>OpenShadingLanguage<span class="o">)</span><span class="nb">.</span>  This can
        lead to problems <span class="k">in </span>calling code that expects <span class="sb">`</span>find_package<span class="sb">`</span> result
        variables <span class="o">(</span>e.g., <span class="sb">`</span>_FOUND<span class="sb">`</span><span class="o">)</span> to follow a certain pattern.
      Call Stack <span class="o">(</span>most recent call first<span class="o">)</span>:
        build_files/cmake/Modules/FindOpenShadingLanguage.cmake:72 <span class="o">(</span>FIND_PACKAGE_HANDLE_STANDARD_ARGS<span class="o">)</span>
        build_files/cmake/platform/platform_unix.cmake:67 <span class="o">(</span>find_package<span class="o">)</span>
        build_files/cmake/platform/platform_unix.cmake:244 <span class="o">(</span>find_package_wrapper<span class="o">)</span>
        CMakeLists.txt:804 <span class="o">(</span>include<span class="o">)</span>
      This warning is <span class="k">for </span>project developers.  Use <span class="nt">-Wno-dev</span> to suppress it.
      
      <span class="nt">--</span> Could NOT find OSL <span class="o">(</span>missing: _osl_LIBRARIES OSL_INCLUDE_DIR OSL_COMPILER<span class="o">)</span>
      <span class="nt">--</span> OSL not found, disabling it from Cycles
      CMake Warning <span class="o">(</span>dev<span class="o">)</span> at /home/frank/PycharmProjects/FloorplanToBlender3d/venv_3.7/lib/python3.7/site-packages/cmake/data/share/cmake-3.22/Modules/FindPackageHandleStandardArgs.cmake:438 <span class="o">(</span>message<span class="o">)</span>:
        The package name passed to <span class="sb">`</span>find_package_handle_standard_args<span class="sb">`</span> <span class="o">(</span>OPENVDB<span class="o">)</span>
        does not match the name of the calling package <span class="o">(</span>OpenVDB<span class="o">)</span><span class="nb">.</span>  This can lead to
        problems <span class="k">in </span>calling code that expects <span class="sb">`</span>find_package<span class="sb">`</span> result variables
        <span class="o">(</span>e.g., <span class="sb">`</span>_FOUND<span class="sb">`</span><span class="o">)</span> to follow a certain pattern.
      Call Stack <span class="o">(</span>most recent call first<span class="o">)</span>:
        build_files/cmake/Modules/FindOpenVDB.cmake:56 <span class="o">(</span>FIND_PACKAGE_HANDLE_STANDARD_ARGS<span class="o">)</span>
        build_files/cmake/platform/platform_unix.cmake:67 <span class="o">(</span>find_package<span class="o">)</span>
        build_files/cmake/platform/platform_unix.cmake:262 <span class="o">(</span>find_package_wrapper<span class="o">)</span>
        CMakeLists.txt:804 <span class="o">(</span>include<span class="o">)</span>
      This warning is <span class="k">for </span>project developers.  Use <span class="nt">-Wno-dev</span> to suppress it.
      
      <span class="nt">--</span> Could NOT find OPENVDB <span class="o">(</span>missing: OPENVDB_LIBRARY OPENVDB_INCLUDE_DIR<span class="o">)</span>
      CMake Warning <span class="o">(</span>dev<span class="o">)</span> at /home/frank/PycharmProjects/FloorplanToBlender3d/venv_3.7/lib/python3.7/site-packages/cmake/data/share/cmake-3.22/Modules/FindPackageHandleStandardArgs.cmake:438 <span class="o">(</span>message<span class="o">)</span>:
        The package name passed to <span class="sb">`</span>find_package_handle_standard_args<span class="sb">`</span> <span class="o">(</span>BLOSC<span class="o">)</span> does
        not match the name of the calling package <span class="o">(</span>Blosc<span class="o">)</span><span class="nb">.</span>  This can lead to
        problems <span class="k">in </span>calling code that expects <span class="sb">`</span>find_package<span class="sb">`</span> result variables
        <span class="o">(</span>e.g., <span class="sb">`</span>_FOUND<span class="sb">`</span><span class="o">)</span> to follow a certain pattern.
      Call Stack <span class="o">(</span>most recent call first<span class="o">)</span>:
        build_files/cmake/Modules/FindBlosc.cmake:56 <span class="o">(</span>FIND_PACKAGE_HANDLE_STANDARD_ARGS<span class="o">)</span>
        build_files/cmake/platform/platform_unix.cmake:67 <span class="o">(</span>find_package<span class="o">)</span>
        build_files/cmake/platform/platform_unix.cmake:263 <span class="o">(</span>find_package_wrapper<span class="o">)</span>
        CMakeLists.txt:804 <span class="o">(</span>include<span class="o">)</span>
      This warning is <span class="k">for </span>project developers.  Use <span class="nt">-Wno-dev</span> to suppress it.
      
      <span class="nt">--</span> Could NOT find BLOSC <span class="o">(</span>missing: BLOSC_LIBRARY BLOSC_INCLUDE_DIR<span class="o">)</span>
      <span class="nt">--</span> OpenVDB not found, disabling it
      CMake Warning <span class="o">(</span>dev<span class="o">)</span> at /home/frank/PycharmProjects/FloorplanToBlender3d/venv_3.7/lib/python3.7/site-packages/cmake/data/share/cmake-3.22/Modules/FindPackageHandleStandardArgs.cmake:438 <span class="o">(</span>message<span class="o">)</span>:
        The package name passed to <span class="sb">`</span>find_package_handle_standard_args<span class="sb">`</span> <span class="o">(</span>ALEMBIC<span class="o">)</span>
        does not match the name of the calling package <span class="o">(</span>Alembic<span class="o">)</span><span class="nb">.</span>  This can lead to
        problems <span class="k">in </span>calling code that expects <span class="sb">`</span>find_package<span class="sb">`</span> result variables
        <span class="o">(</span>e.g., <span class="sb">`</span>_FOUND<span class="sb">`</span><span class="o">)</span> to follow a certain pattern.
      Call Stack <span class="o">(</span>most recent call first<span class="o">)</span>:
        build_files/cmake/Modules/FindAlembic.cmake:54 <span class="o">(</span>FIND_PACKAGE_HANDLE_STANDARD_ARGS<span class="o">)</span>
        build_files/cmake/platform/platform_unix.cmake:67 <span class="o">(</span>find_package<span class="o">)</span>
        build_files/cmake/platform/platform_unix.cmake:275 <span class="o">(</span>find_package_wrapper<span class="o">)</span>
        CMakeLists.txt:804 <span class="o">(</span>include<span class="o">)</span>
      This warning is <span class="k">for </span>project developers.  Use <span class="nt">-Wno-dev</span> to suppress it.
      
      <span class="nt">--</span> Could NOT find ALEMBIC <span class="o">(</span>missing: ALEMBIC_LIBRARY ALEMBIC_INCLUDE_DIR<span class="o">)</span>
      <span class="nt">--</span> Could NOT find Boost <span class="o">(</span>missing: Boost_INCLUDE_DIR filesystem regex thread date_time locale system<span class="o">)</span> <span class="o">(</span>Required is at least version <span class="s2">"1.48"</span><span class="o">)</span>
      <span class="nt">--</span> Could NOT find Boost <span class="o">(</span>missing: Boost_INCLUDE_DIR filesystem regex thread date_time locale system<span class="o">)</span> <span class="o">(</span>Required is at least version <span class="s2">"1.48"</span><span class="o">)</span>
      <span class="nt">--</span> Could NOT find OpenImageIO <span class="o">(</span>missing: OPENIMAGEIO_LIBRARY OPENIMAGEIO_INCLUDE_DIR<span class="o">)</span>
      <span class="nt">--</span> OpenImageIO not found, disabling WITH_CYCLES
      <span class="nt">--</span> Could NOT find OpenColorIO <span class="o">(</span>missing: _opencolorio_LIBRARIES OPENCOLORIO_INCLUDE_DIR<span class="o">)</span>
      <span class="nt">--</span> OpenColorIO not found
      CMake Warning <span class="o">(</span>dev<span class="o">)</span> at /home/frank/PycharmProjects/FloorplanToBlender3d/venv_3.7/lib/python3.7/site-packages/cmake/data/share/cmake-3.22/Modules/FindPackageHandleStandardArgs.cmake:438 <span class="o">(</span>message<span class="o">)</span>:
        The package name passed to <span class="sb">`</span>find_package_handle_standard_args<span class="sb">`</span>
        <span class="o">(</span>OPENIMAGEDENOISE<span class="o">)</span> does not match the name of the calling package
        <span class="o">(</span>OpenImageDenoise<span class="o">)</span><span class="nb">.</span>  This can lead to problems <span class="k">in </span>calling code that expects
        <span class="sb">`</span>find_package<span class="sb">`</span> result variables <span class="o">(</span>e.g., <span class="sb">`</span>_FOUND<span class="sb">`</span><span class="o">)</span> to follow a certain
        pattern.
      Call Stack <span class="o">(</span>most recent call first<span class="o">)</span>:
        build_files/cmake/Modules/FindOpenImageDenoise.cmake:98 <span class="o">(</span>FIND_PACKAGE_HANDLE_STANDARD_ARGS<span class="o">)</span>
        build_files/cmake/platform/platform_unix.cmake:67 <span class="o">(</span>find_package<span class="o">)</span>
        build_files/cmake/platform/platform_unix.cmake:396 <span class="o">(</span>find_package_wrapper<span class="o">)</span>
        CMakeLists.txt:804 <span class="o">(</span>include<span class="o">)</span>
      This warning is <span class="k">for </span>project developers.  Use <span class="nt">-Wno-dev</span> to suppress it.
      
      <span class="nt">--</span> Could NOT find OPENIMAGEDENOISE <span class="o">(</span>missing: OPENIMAGEDENOISE_LIBRARY OPENIMAGEDENOISE_INCLUDE_DIR<span class="o">)</span>
      <span class="nt">--</span> OpenImageDenoise not found
      <span class="nt">--</span> Could NOT find LLVM <span class="o">(</span>missing: LLVM_LIBRARY<span class="o">)</span>
      <span class="nt">--</span> LLVM not found
      <span class="nt">--</span> Could NOT find OpenSubdiv <span class="o">(</span>missing: _opensubdiv_LIBRARIES OPENSUBDIV_INCLUDE_DIR<span class="o">)</span>
      <span class="nt">--</span> OpenSubdiv not found
      <span class="nt">--</span> Found TBB: /usr/lib/x86_64-linux-gnu/libtbb.so
      CMake Error at CMakeLists.txt:815 <span class="o">(</span>message<span class="o">)</span>:
        WITH_MOD_OCEANSIM requires WITH_FFTW3 to be ON
      
      
      <span class="nt">--</span> Configuring incomplete, errors occurred!
      See also <span class="s2">"/tmp/pip-install-_869nko5/bpy_dc89800be3e348c59990aa8ed4cb59c8/build/temp.linux-x86_64-3.7/build/CMakeFiles/CMakeOutput.log"</span><span class="nb">.</span>
      error: <span class="nb">command</span> <span class="s1">'cmake'</span> failed with <span class="nb">exit </span>status 1
      <span class="o">[</span>end of output]
  
  note: This error originates from a subprocess, and is likely not a problem with pip.
  ERROR: Failed building wheel <span class="k">for </span>bpy
  Running setup.py clean <span class="k">for </span>bpy
Failed to build bpy
Installing collected packages: bpy
  Running setup.py <span class="nb">install </span><span class="k">for </span>bpy ... error
  error: subprocess-exited-with-error
  
  × Running setup.py <span class="nb">install </span><span class="k">for </span>bpy did not run successfully.
  │ <span class="nb">exit </span>code: 1
  ╰─&gt; <span class="o">[</span>145 lines of output]
      running <span class="nb">install
      </span>running build
      running build_py
      creating build
      creating build/lib.linux-x86_64-3.7
      creating build/lib.linux-x86_64-3.7/blenderpy
      copying blenderpy/post_install.py -&gt; build/lib.linux-x86_64-3.7/blenderpy
      copying blenderpy/__init__.py -&gt; build/lib.linux-x86_64-3.7/blenderpy
      copying blenderpy/pre_uninstall.py -&gt; build/lib.linux-x86_64-3.7/blenderpy
      running build_ext
      Preparing the build environment
      Searching <span class="k">for </span>compatible Blender online <span class="o">(</span>this will take a <span class="k">while</span><span class="o">)</span>
      Found compatible Blender version 2.82
      Cloning Blender <span class="nb">source </span>from git <span class="o">(</span>this will take a <span class="k">while</span><span class="o">)</span>
      Cloning precompiled libs from svn <span class="o">(</span>this will take a <span class="k">while</span><span class="o">)</span>
      cmake <span class="nt">-DWITH_PYTHON_INSTALL</span><span class="o">=</span>OFF <span class="nt">-DWITH_PYTHON_MODULE</span><span class="o">=</span>ON <span class="nt">-S</span>/tmp/pip-install-_869nko5/bpy_dc89800be3e348c59990aa8ed4cb59c8/build/temp.linux-x86_64-3.7/blender <span class="nt">-B</span>/tmp/pip-install-_869nko5/bpy_dc89800be3e348c59990aa8ed4cb59c8/build/temp.linux-x86_64-3.7/build
      <span class="nt">--</span> The C compiler identification is GNU 11.2.0
      <span class="nt">--</span> The CXX compiler identification is GNU 11.2.0
      <span class="nt">--</span> Detecting C compiler ABI info
      <span class="nt">--</span> Detecting C compiler ABI info - <span class="k">done</span>
      <span class="nt">--</span> Check <span class="k">for </span>working C compiler: /usr/bin/cc - skipped
      <span class="nt">--</span> Detecting C compile features
      <span class="nt">--</span> Detecting C compile features - <span class="k">done</span>
      <span class="nt">--</span> Detecting CXX compiler ABI info
      <span class="nt">--</span> Detecting CXX compiler ABI info - <span class="k">done</span>
      <span class="nt">--</span> Check <span class="k">for </span>working CXX compiler: /usr/bin/c++ - skipped
      <span class="nt">--</span> Detecting CXX compile features
      <span class="nt">--</span> Detecting CXX compile features - <span class="k">done</span>
      <span class="nt">--</span> WITH_DRACO requires WITH_PYTHON_INSTALL to be ON, disabling WITH_DRACO <span class="k">for </span>now
      <span class="nt">--</span> Performing Test SUPPORT_SSE_BUILD
      <span class="nt">--</span> Performing Test SUPPORT_SSE_BUILD - Success
      <span class="nt">--</span> SSE Support: detected.
      <span class="nt">--</span> Performing Test SUPPORT_SSE2_BUILD
      <span class="nt">--</span> Performing Test SUPPORT_SSE2_BUILD - Success
      <span class="nt">--</span> SSE2 Support: detected.
      <span class="nt">--</span> Found Git: /usr/bin/git <span class="o">(</span>found version <span class="s2">"2.34.1"</span><span class="o">)</span>
      <span class="nt">--</span> Found JPEG: /usr/lib/x86_64-linux-gnu/libjpeg.so <span class="o">(</span>found version <span class="s2">"80"</span><span class="o">)</span>
      <span class="nt">--</span> Found ZLIB: /usr/lib/x86_64-linux-gnu/libz.so <span class="o">(</span>found version <span class="s2">"1.2.11"</span><span class="o">)</span>
      <span class="nt">--</span> Found PNG: /usr/lib/x86_64-linux-gnu/libpng.so <span class="o">(</span>found version <span class="s2">"1.6.37"</span><span class="o">)</span>
      <span class="nt">--</span> Found Freetype: /usr/lib/x86_64-linux-gnu/libfreetype.so <span class="o">(</span>found version <span class="s2">"2.11.1"</span><span class="o">)</span>
      <span class="nt">--</span> Found PythonLibsUnix: /usr/lib/x86_64-linux-gnu/libpython3.7m.so
      <span class="nt">--</span> Could NOT find OpenEXR <span class="o">(</span>missing: _openexr_LIBRARIES OPENEXR_INCLUDE_DIR<span class="o">)</span>
      <span class="nt">--</span> Could NOT find OpenJPEG <span class="o">(</span>missing: OPENJPEG_LIBRARY OPENJPEG_INCLUDE_DIR<span class="o">)</span>
      <span class="nt">--</span> Could NOT find TIFF <span class="o">(</span>missing: TIFF_LIBRARY TIFF_INCLUDE_DIR<span class="o">)</span>
      <span class="nt">--</span> Could NOT find OpenAL <span class="o">(</span>missing: OPENAL_LIBRARY OPENAL_INCLUDE_DIR<span class="o">)</span>
      <span class="nt">--</span> Could NOT find SDL2 <span class="o">(</span>missing: SDL2_LIBRARY SDL2_INCLUDE_DIR<span class="o">)</span>
      <span class="nt">--</span> Looking <span class="k">for </span>pthread.h
      <span class="nt">--</span> Looking <span class="k">for </span>pthread.h - found
      <span class="nt">--</span> Performing Test CMAKE_HAVE_LIBC_PTHREAD
      <span class="nt">--</span> Performing Test CMAKE_HAVE_LIBC_PTHREAD - Success
      <span class="nt">--</span> Found Threads: TRUE
      <span class="nt">--</span> Could NOT find SDL <span class="o">(</span>missing: SDL_LIBRARY SDL_INCLUDE_DIR<span class="o">)</span>
      <span class="nt">--</span> Could NOT find Jack <span class="o">(</span>missing: JACK_LIBRARY JACK_INCLUDE_DIR<span class="o">)</span>
      <span class="nt">--</span> Could NOT find SndFile <span class="o">(</span>missing: LIBSNDFILE_LIBRARY LIBSNDFILE_INCLUDE_DIR<span class="o">)</span>
      <span class="nt">--</span> Could NOT find Fftw3 <span class="o">(</span>missing: FFTW3_LIBRARY FFTW3_INCLUDE_DIR<span class="o">)</span>
      <span class="nt">--</span> Could NOT find OpenCOLLADA <span class="o">(</span>missing: _opencollada_LIBRARIES _opencollada_INCLUDES<span class="o">)</span>
      <span class="nt">--</span> Could NOT find JeMalloc <span class="o">(</span>missing: JEMALLOC_LIBRARY JEMALLOC_INCLUDE_DIR<span class="o">)</span>
      <span class="nt">--</span> Could NOT find Spacenav <span class="o">(</span>missing: SPACENAV_LIBRARY SPACENAV_INCLUDE_DIR<span class="o">)</span>
      CMake Warning <span class="o">(</span>dev<span class="o">)</span> at /home/frank/PycharmProjects/FloorplanToBlender3d/venv_3.7/lib/python3.7/site-packages/cmake/data/share/cmake-3.22/Modules/FindPackageHandleStandardArgs.cmake:438 <span class="o">(</span>message<span class="o">)</span>:
        The package name passed to <span class="sb">`</span>find_package_handle_standard_args<span class="sb">`</span> <span class="o">(</span>OSL<span class="o">)</span> does
        not match the name of the calling package <span class="o">(</span>OpenShadingLanguage<span class="o">)</span><span class="nb">.</span>  This can
        lead to problems <span class="k">in </span>calling code that expects <span class="sb">`</span>find_package<span class="sb">`</span> result
        variables <span class="o">(</span>e.g., <span class="sb">`</span>_FOUND<span class="sb">`</span><span class="o">)</span> to follow a certain pattern.
      Call Stack <span class="o">(</span>most recent call first<span class="o">)</span>:
        build_files/cmake/Modules/FindOpenShadingLanguage.cmake:72 <span class="o">(</span>FIND_PACKAGE_HANDLE_STANDARD_ARGS<span class="o">)</span>
        build_files/cmake/platform/platform_unix.cmake:67 <span class="o">(</span>find_package<span class="o">)</span>
        build_files/cmake/platform/platform_unix.cmake:244 <span class="o">(</span>find_package_wrapper<span class="o">)</span>
        CMakeLists.txt:804 <span class="o">(</span>include<span class="o">)</span>
      This warning is <span class="k">for </span>project developers.  Use <span class="nt">-Wno-dev</span> to suppress it.
      
      <span class="nt">--</span> Could NOT find OSL <span class="o">(</span>missing: _osl_LIBRARIES OSL_INCLUDE_DIR OSL_COMPILER<span class="o">)</span>
      <span class="nt">--</span> OSL not found, disabling it from Cycles
      CMake Warning <span class="o">(</span>dev<span class="o">)</span> at /home/frank/PycharmProjects/FloorplanToBlender3d/venv_3.7/lib/python3.7/site-packages/cmake/data/share/cmake-3.22/Modules/FindPackageHandleStandardArgs.cmake:438 <span class="o">(</span>message<span class="o">)</span>:
        The package name passed to <span class="sb">`</span>find_package_handle_standard_args<span class="sb">`</span> <span class="o">(</span>OPENVDB<span class="o">)</span>
        does not match the name of the calling package <span class="o">(</span>OpenVDB<span class="o">)</span><span class="nb">.</span>  This can lead to
        problems <span class="k">in </span>calling code that expects <span class="sb">`</span>find_package<span class="sb">`</span> result variables
        <span class="o">(</span>e.g., <span class="sb">`</span>_FOUND<span class="sb">`</span><span class="o">)</span> to follow a certain pattern.
      Call Stack <span class="o">(</span>most recent call first<span class="o">)</span>:
        build_files/cmake/Modules/FindOpenVDB.cmake:56 <span class="o">(</span>FIND_PACKAGE_HANDLE_STANDARD_ARGS<span class="o">)</span>
        build_files/cmake/platform/platform_unix.cmake:67 <span class="o">(</span>find_package<span class="o">)</span>
        build_files/cmake/platform/platform_unix.cmake:262 <span class="o">(</span>find_package_wrapper<span class="o">)</span>
        CMakeLists.txt:804 <span class="o">(</span>include<span class="o">)</span>
      This warning is <span class="k">for </span>project developers.  Use <span class="nt">-Wno-dev</span> to suppress it.
      
      <span class="nt">--</span> Could NOT find OPENVDB <span class="o">(</span>missing: OPENVDB_LIBRARY OPENVDB_INCLUDE_DIR<span class="o">)</span>
      CMake Warning <span class="o">(</span>dev<span class="o">)</span> at /home/frank/PycharmProjects/FloorplanToBlender3d/venv_3.7/lib/python3.7/site-packages/cmake/data/share/cmake-3.22/Modules/FindPackageHandleStandardArgs.cmake:438 <span class="o">(</span>message<span class="o">)</span>:
        The package name passed to <span class="sb">`</span>find_package_handle_standard_args<span class="sb">`</span> <span class="o">(</span>BLOSC<span class="o">)</span> does
        not match the name of the calling package <span class="o">(</span>Blosc<span class="o">)</span><span class="nb">.</span>  This can lead to
        problems <span class="k">in </span>calling code that expects <span class="sb">`</span>find_package<span class="sb">`</span> result variables
        <span class="o">(</span>e.g., <span class="sb">`</span>_FOUND<span class="sb">`</span><span class="o">)</span> to follow a certain pattern.
      Call Stack <span class="o">(</span>most recent call first<span class="o">)</span>:
        build_files/cmake/Modules/FindBlosc.cmake:56 <span class="o">(</span>FIND_PACKAGE_HANDLE_STANDARD_ARGS<span class="o">)</span>
        build_files/cmake/platform/platform_unix.cmake:67 <span class="o">(</span>find_package<span class="o">)</span>
        build_files/cmake/platform/platform_unix.cmake:263 <span class="o">(</span>find_package_wrapper<span class="o">)</span>
        CMakeLists.txt:804 <span class="o">(</span>include<span class="o">)</span>
      This warning is <span class="k">for </span>project developers.  Use <span class="nt">-Wno-dev</span> to suppress it.
      
      <span class="nt">--</span> Could NOT find BLOSC <span class="o">(</span>missing: BLOSC_LIBRARY BLOSC_INCLUDE_DIR<span class="o">)</span>
      <span class="nt">--</span> OpenVDB not found, disabling it
      CMake Warning <span class="o">(</span>dev<span class="o">)</span> at /home/frank/PycharmProjects/FloorplanToBlender3d/venv_3.7/lib/python3.7/site-packages/cmake/data/share/cmake-3.22/Modules/FindPackageHandleStandardArgs.cmake:438 <span class="o">(</span>message<span class="o">)</span>:
        The package name passed to <span class="sb">`</span>find_package_handle_standard_args<span class="sb">`</span> <span class="o">(</span>ALEMBIC<span class="o">)</span>
        does not match the name of the calling package <span class="o">(</span>Alembic<span class="o">)</span><span class="nb">.</span>  This can lead to
        problems <span class="k">in </span>calling code that expects <span class="sb">`</span>find_package<span class="sb">`</span> result variables
        <span class="o">(</span>e.g., <span class="sb">`</span>_FOUND<span class="sb">`</span><span class="o">)</span> to follow a certain pattern.
      Call Stack <span class="o">(</span>most recent call first<span class="o">)</span>:
        build_files/cmake/Modules/FindAlembic.cmake:54 <span class="o">(</span>FIND_PACKAGE_HANDLE_STANDARD_ARGS<span class="o">)</span>
        build_files/cmake/platform/platform_unix.cmake:67 <span class="o">(</span>find_package<span class="o">)</span>
        build_files/cmake/platform/platform_unix.cmake:275 <span class="o">(</span>find_package_wrapper<span class="o">)</span>
        CMakeLists.txt:804 <span class="o">(</span>include<span class="o">)</span>
      This warning is <span class="k">for </span>project developers.  Use <span class="nt">-Wno-dev</span> to suppress it.
      
      <span class="nt">--</span> Could NOT find ALEMBIC <span class="o">(</span>missing: ALEMBIC_LIBRARY ALEMBIC_INCLUDE_DIR<span class="o">)</span>
      <span class="nt">--</span> Could NOT find Boost <span class="o">(</span>missing: Boost_INCLUDE_DIR filesystem regex thread date_time locale system<span class="o">)</span> <span class="o">(</span>Required is at least version <span class="s2">"1.48"</span><span class="o">)</span>
      <span class="nt">--</span> Could NOT find Boost <span class="o">(</span>missing: Boost_INCLUDE_DIR filesystem regex thread date_time locale system<span class="o">)</span> <span class="o">(</span>Required is at least version <span class="s2">"1.48"</span><span class="o">)</span>
      <span class="nt">--</span> Could NOT find OpenImageIO <span class="o">(</span>missing: OPENIMAGEIO_LIBRARY OPENIMAGEIO_INCLUDE_DIR<span class="o">)</span>
      <span class="nt">--</span> OpenImageIO not found, disabling WITH_CYCLES
      <span class="nt">--</span> Could NOT find OpenColorIO <span class="o">(</span>missing: _opencolorio_LIBRARIES OPENCOLORIO_INCLUDE_DIR<span class="o">)</span>
      <span class="nt">--</span> OpenColorIO not found
      CMake Warning <span class="o">(</span>dev<span class="o">)</span> at /home/frank/PycharmProjects/FloorplanToBlender3d/venv_3.7/lib/python3.7/site-packages/cmake/data/share/cmake-3.22/Modules/FindPackageHandleStandardArgs.cmake:438 <span class="o">(</span>message<span class="o">)</span>:
        The package name passed to <span class="sb">`</span>find_package_handle_standard_args<span class="sb">`</span>
        <span class="o">(</span>OPENIMAGEDENOISE<span class="o">)</span> does not match the name of the calling package
        <span class="o">(</span>OpenImageDenoise<span class="o">)</span><span class="nb">.</span>  This can lead to problems <span class="k">in </span>calling code that expects
        <span class="sb">`</span>find_package<span class="sb">`</span> result variables <span class="o">(</span>e.g., <span class="sb">`</span>_FOUND<span class="sb">`</span><span class="o">)</span> to follow a certain
        pattern.
      Call Stack <span class="o">(</span>most recent call first<span class="o">)</span>:
        build_files/cmake/Modules/FindOpenImageDenoise.cmake:98 <span class="o">(</span>FIND_PACKAGE_HANDLE_STANDARD_ARGS<span class="o">)</span>
        build_files/cmake/platform/platform_unix.cmake:67 <span class="o">(</span>find_package<span class="o">)</span>
        build_files/cmake/platform/platform_unix.cmake:396 <span class="o">(</span>find_package_wrapper<span class="o">)</span>
        CMakeLists.txt:804 <span class="o">(</span>include<span class="o">)</span>
      This warning is <span class="k">for </span>project developers.  Use <span class="nt">-Wno-dev</span> to suppress it.
      
      <span class="nt">--</span> Could NOT find OPENIMAGEDENOISE <span class="o">(</span>missing: OPENIMAGEDENOISE_LIBRARY OPENIMAGEDENOISE_INCLUDE_DIR<span class="o">)</span>
      <span class="nt">--</span> OpenImageDenoise not found
      <span class="nt">--</span> Could NOT find LLVM <span class="o">(</span>missing: LLVM_LIBRARY<span class="o">)</span>
      <span class="nt">--</span> LLVM not found
      <span class="nt">--</span> Could NOT find OpenSubdiv <span class="o">(</span>missing: _opensubdiv_LIBRARIES OPENSUBDIV_INCLUDE_DIR<span class="o">)</span>
      <span class="nt">--</span> OpenSubdiv not found
      <span class="nt">--</span> Found TBB: /usr/lib/x86_64-linux-gnu/libtbb.so
      CMake Error at CMakeLists.txt:815 <span class="o">(</span>message<span class="o">)</span>:
        WITH_MOD_OCEANSIM requires WITH_FFTW3 to be ON
      
      
      <span class="nt">--</span> Configuring incomplete, errors occurred!
      See also <span class="s2">"/tmp/pip-install-_869nko5/bpy_dc89800be3e348c59990aa8ed4cb59c8/build/temp.linux-x86_64-3.7/build/CMakeFiles/CMakeOutput.log"</span><span class="nb">.</span>
      error: <span class="nb">command</span> <span class="s1">'cmake'</span> failed with <span class="nb">exit </span>status 1
      <span class="o">[</span>end of output]
  
  note: This error originates from a subprocess, and is likely not a problem with pip.
error: legacy-install-failure

× Encountered error <span class="k">while </span>trying to <span class="nb">install </span>package.
╰─&gt; bpy

note: This is an issue with the package mentioned above, not pip.
hint: See above <span class="k">for </span>output from the failure.
</pre></table></code></div></div></div><div class="post-tail-wrapper text-muted"><div class="post-meta mb-3"> <i class="far fa-folder-open fa-fw mr-1"></i> <a href='/categories/floorplantoblender3d/'>FloorPlanToBlender3D</a></div><div class="post-tags"> <i class="fa fa-tags fa-fw mr-1"></i> <a href="/tags/study/" class="post-tag no-text-decoration" >study</a> <a href="/tags/ftb/" class="post-tag no-text-decoration" >ftb</a> <a href="/tags/opencv/" class="post-tag no-text-decoration" >opencv</a></div><div class="post-tail-bottom d-flex justify-content-between align-items-center mt-3 pt-5 pb-2"><div class="license-wrapper"> This post is licensed under <a href="https://creativecommons.org/licenses/by/4.0/"> CC BY 4.0 </a> by the author.</div><div class="share-wrapper"> <span class="share-label text-muted mr-1">Share</span> <span class="share-icons"> <a href="https://twitter.com/intent/tweet?text=Error installing bpy (2) - Jong Wook Kim&amp;url=https://frankkim1108.github.io/posts/FTB-6/" data-toggle="tooltip" data-placement="top" title="Twitter" target="_blank" rel="noopener" aria-label="Twitter"> <i class="fa-fw fab fa-twitter"></i> </a> <a href="https://www.facebook.com/sharer/sharer.php?title=Error installing bpy (2) - Jong Wook Kim&amp;u=https://frankkim1108.github.io/posts/FTB-6/" data-toggle="tooltip" data-placement="top" title="Facebook" target="_blank" rel="noopener" aria-label="Facebook"> <i class="fa-fw fab fa-facebook-square"></i> </a> <a href="https://t.me/share/url?url=https://frankkim1108.github.io/posts/FTB-6/&amp;text=Error installing bpy (2) - Jong Wook Kim" data-toggle="tooltip" data-placement="top" title="Telegram" target="_blank" rel="noopener" aria-label="Telegram"> <i class="fa-fw fab fa-telegram"></i> </a> <i id="copy-link" class="fa-fw fas fa-link small" data-toggle="tooltip" data-placement="top" title="Copy link" data-title-succeed="Link copied successfully!"> </i> </span></div></div></div></div></div><div id="panel-wrapper" class="col-xl-3 pl-2 text-muted"><div class="access"><div id="access-lastmod" class="post"><div class="panel-heading">Recently Updated</div><ul class="post-content pl-0 pb-1 ml-1 mt-2"><li><a href="/posts/DALL-E-(OpenAI-2021)-review/">DALL-E Paper Review</a><li><a href="/posts/ProgressiveGAN-review/">Progressive GAN Paper Review</a><li><a href="/posts/Network-6/">Network - 6</a><li><a href="/posts/Neural_Network/">Neural Network</a><li><a href="/posts/AI-5/">AI Vision - Workplace Saftey</a></ul></div><div id="access-tags"><div class="panel-heading">Trending Tags</div><div class="d-flex flex-wrap mt-3 mb-1 mr-3"> <a class="post-tag" href="/tags/study/">study</a> <a class="post-tag" href="/tags/computer-vision/">computer_vision</a> <a class="post-tag" href="/tags/ftb/">ftb</a> <a class="post-tag" href="/tags/opencv/">opencv</a> <a class="post-tag" href="/tags/python/">python</a> <a class="post-tag" href="/tags/deeplearning/">deeplearning</a> <a class="post-tag" href="/tags/ubuntu/">ubuntu</a></div></div></div><script src="https://cdn.jsdelivr.net/gh/afeld/bootstrap-toc@1.0.1/dist/bootstrap-toc.min.js"></script><div id="toc-wrapper" class="pl-0 pr-4 mb-5"><div class="panel-heading pl-3 pt-2 mb-2">Contents</div><nav id="toc" data-toggle="toc"></nav></div></div></div><div class="row"><div class="col-12 col-lg-11 col-xl-8"><div id="tail-wrapper" class="pl-1 pr-1 pl-sm-2 pr-sm-2 pl-md-4 pr-md-4"><div id="related-posts" class="mt-5 mb-2 mb-sm-4"><h3 class="pt-2 mt-1 mb-4 ml-1" data-toc-skip>Further Reading</h3><div class="card-deck mb-4"><div class="card"> <a href="/posts/FTB-7/"><div class="card-body"> <em class="timeago small" data-ts="1657714192" > 2022-07-13 </em><h3 class="pt-0 mt-1 mb-3" data-toc-skip>Blender Python</h3><div class="text-muted small"><p> Blender Python Floorplan files are added to data_paths The data path is sent to def create_blender_project(data_path) The data path is sent to floorplan_to_3dObject_in_blender.py → def crea...</p></div></div></a></div><div class="card"> <a href="/posts/FTB-8/"><div class="card-body"> <em class="timeago small" data-ts="1658130081" > 2022-07-18 </em><h3 class="pt-0 mt-1 mb-3" data-toc-skip>Generate Various Feature Classses</h3><div class="text-muted small"><p> FloorplanToBlender3D execution.py execution.py def simple_single return filepath of a single floorplan it is connected to generate.py generate.py def generate_all_files PARAM ...</p></div></div></a></div><div class="card"> <a href="/posts/FTB-9/"><div class="card-body"> <em class="timeago small" data-ts="1658302881" > 2022-07-20 </em><h3 class="pt-0 mt-1 mb-3" data-toc-skip>Create Blender Project</h3><div class="text-muted small"><p> FloorplanToBlender3D def create_blender_project data_path which includes txt files are inputed as parameters 3D model is created using information from txt files the output file is original...</p></div></div></a></div></div></div><div class="post-navigation d-flex justify-content-between"> <a href="/posts/FTB-5/" class="btn btn-outline-primary" prompt="Older"><p>Error installing bpy (1)</p></a> <a href="/posts/FTB-7/" class="btn btn-outline-primary" prompt="Newer"><p>Blender Python</p></a></div></div></div></div><script type="text/x-mathjax-config"> MathJax.Hub.Config({ TeX: { equationNumbers: { autoNumber: "AMS" } }, tex2jax: { inlineMath: [ ['$', '$'] ], displayMath: [ ['$$', '$$'] ], processEscapes: true, } }); MathJax.Hub.Register.MessageHook("Math Processing Error",function (message) { alert("Math Processing Error: "+message[1]); }); MathJax.Hub.Register.MessageHook("TeX Jax - parse error",function (message) { alert("Math Processing Error: "+message[1]); }); </script> <script type="text/javascript" async src="https://cdn.mathjax.org/mathjax/latest/MathJax.js?config=TeX-MML-AM_CHTML"> </script><footer class="d-flex w-100 justify-content-center"><div class="d-flex justify-content-between align-items-center text-muted"><div class="footer-left"><p class="mb-0"> © 2023 <a href="https://twitter.com/username">Jong Wook Kim</a>. <span data-toggle="tooltip" data-placement="top" title="Except where otherwise noted, the blog posts on this site are licensed under the Creative Commons Attribution 4.0 International (CC BY 4.0) License by the author.">Some rights reserved.</span></p></div><div class="footer-right"><p class="mb-0"> Powered by <a href="https://jekyllrb.com" target="_blank" rel="noopener">Jekyll</a> with <a href="https://github.com/cotes2020/jekyll-theme-chirpy" target="_blank" rel="noopener">Chirpy</a> theme.</p></div></div></footer></div><div id="search-result-wrapper" class="d-flex justify-content-center unloaded"><div class="col-12 col-sm-11 post-content"><div id="search-hints"><div id="access-tags"><div class="panel-heading">Trending Tags</div><div class="d-flex flex-wrap mt-3 mb-1 mr-3"> <a class="post-tag" href="/tags/study/">study</a> <a class="post-tag" href="/tags/computer-vision/">computer_vision</a> <a class="post-tag" href="/tags/ftb/">ftb</a> <a class="post-tag" href="/tags/opencv/">opencv</a> <a class="post-tag" href="/tags/python/">python</a> <a class="post-tag" href="/tags/deeplearning/">deeplearning</a> <a class="post-tag" href="/tags/ubuntu/">ubuntu</a></div></div></div><div id="search-results" class="d-flex flex-wrap justify-content-center text-muted mt-3"></div></div></div></div><div id="mask"></div><a id="back-to-top" href="#" aria-label="back-to-top" class="btn btn-lg btn-box-shadow" role="button"> <i class="fas fa-angle-up"></i> </a> <script src="https://cdn.jsdelivr.net/npm/simple-jekyll-search@1.10.0/dest/simple-jekyll-search.min.js"></script> <script> SimpleJekyllSearch({ searchInput: document.getElementById('search-input'), resultsContainer: document.getElementById('search-results'), json: '/assets/js/data/search.json', searchResultTemplate: '<div class="pl-1 pr-1 pl-sm-2 pr-sm-2 pl-lg-4 pr-lg-4 pl-xl-0 pr-xl-0"> <a href="{url}">{title}</a><div class="post-meta d-flex flex-column flex-sm-row text-muted mt-1 mb-1"> {categories} {tags}</div><p>{snippet}</p></div>', noResultsText: '<p class="mt-5">Oops! No result founds.</p>', templateMiddleware: function(prop, value, template) { if (prop === 'categories') { if (value === '') { return `${value}`; } else { return `<div class="mr-sm-4"><i class="far fa-folder fa-fw"></i>${value}</div>`; } } if (prop === 'tags') { if (value === '') { return `${value}`; } else { return `<div><i class="fa fa-tag fa-fw"></i>${value}</div>`; } } } }); </script> <script src="https://cdn.jsdelivr.net/combine/npm/lozad/dist/lozad.min.js,npm/magnific-popup@1/dist/jquery.magnific-popup.min.js,npm/clipboard@2/dist/clipboard.min.js"></script> <script src="https://cdn.jsdelivr.net/combine/npm/dayjs@1,npm/dayjs@1/locale/en.min.js,npm/dayjs@1/plugin/relativeTime.min.js,npm/dayjs@1/plugin/localizedFormat.min.js"></script> <script defer src="/assets/js/dist/post.min.js"></script> <script src="https://cdn.jsdelivr.net/combine/npm/popper.js@1.16.1,npm/bootstrap@4/dist/js/bootstrap.min.js"></script> <script defer src="/app.js"></script> <script defer src="https://www.googletagmanager.com/gtag/js?id=G-JNM7FC7E5F"></script> <script> document.addEventListener("DOMContentLoaded", function(event) { window.dataLayer = window.dataLayer || []; function gtag(){dataLayer.push(arguments);} gtag('js', new Date()); gtag('config', 'G-JNM7FC7E5F'); }); </script>
